Removed Pin From Net: NetName=12V Pin=C5-1
Removed Pin From Net: NetName=12V Pin=C5-2
Removed Pin From Net: NetName=NetC13_1 Pin=R9-1
Removed Pin From Net: NetName=3.3V Pin=R9-2
Removed Pin From Net: NetName=12V Pin=U3-5
Removed Pin From Net: NetName=ISO9141-2 K Pin=U3-6
Removed Pin From Net: NetName=12V Pin=U3-7
Removed Member From Class: ClassName=KorszeOBD Member=C5
Removed Member From Class: ClassName=KorszeOBD Member=U3
Added Component: Designator=D1(LED-1)
Added Component: Designator=D2(LED-1)
Added Component: Designator=D3(LED-1)
Added Component: Designator=D4(LED-1)
Added Component: Designator=P1(HDR1X2H)
Added Component: Designator=R10(J1-0603)
Added Component: Designator=R11(J1-0603)
Added Component: Designator=R12(J1-0603)
Added Component: Designator=R13(J1-0603)
Added Component: Designator=R14(J1-0603)
Added Component: Designator=R15(J1-0603)
Added Component: Designator=R16(J1-0603)
Added Component: Designator=R17(J1-0603)
Added Component: Designator=R18(J1-0603)
Added Component: Designator=S1(SPST-2)
Added Component: Designator=U6(SO14_M)
Added Component: Designator=U7(SO14_M)
Added Pin To Net: NetName=12V Pin=D1-2
Added Pin To Net: NetName=12V Pin=D2-2
Added Pin To Net: NetName=12V Pin=D3-2
Added Pin To Net: NetName=12V Pin=D4-2
Added Pin To Net: NetName=ISO9141-2 K Pin=R9-1
Added Pin To Net: NetName=5V Pin=R10-2
Added Pin To Net: NetName=12V Pin=R11-1
Added Pin To Net: NetName=3.3V Pin=R12-2
Added Pin To Net: NetName=J1850 BUS- Pin=R13-1
Added Pin To Net: NetName=3.3V Pin=R14-2
Added Pin To Net: NetName=NetC13_1 Pin=S1-1
Added Pin To Net: NetName=12V Pin=S1-2
Added Pin To Net: NetName=3.3V Pin=U6-3
Added Pin To Net: NetName=12V Pin=U6-12
Added Pin To Net: NetName=3.3V Pin=U7-3
Added Pin To Net: NetName=NetR4_2 Pin=U7-5
Added Pin To Net: NetName=12V Pin=U7-12
Added Pin To Net: NetName=NetD1_1 Pin=D1-1
Added Pin To Net: NetName=NetD1_1 Pin=R15-2
Added Net: Name=NetD1_1
Added Pin To Net: NetName=NetD2_1 Pin=D2-1
Added Pin To Net: NetName=NetD2_1 Pin=R16-1
Added Net: Name=NetD2_1
Added Pin To Net: NetName=NetD3_1 Pin=D3-1
Added Pin To Net: NetName=NetD3_1 Pin=R17-1
Added Net: Name=NetD3_1
Added Pin To Net: NetName=NetD4_1 Pin=D4-1
Added Pin To Net: NetName=NetD4_1 Pin=R18-1
Added Net: Name=NetD4_1
Added Pin To Net: NetName=NetR9_2 Pin=R9-2
Added Pin To Net: NetName=NetR9_2 Pin=U6-4
Added Net: Name=NetR9_2
Added Pin To Net: NetName=NetR10_1 Pin=R10-1
Added Pin To Net: NetName=NetR10_1 Pin=R11-2
Added Pin To Net: NetName=NetR10_1 Pin=U6-5
Added Net: Name=NetR10_1
Added Pin To Net: NetName=NetR12_1 Pin=R12-1
Added Pin To Net: NetName=NetR12_1 Pin=U1-25
Added Pin To Net: NetName=NetR12_1 Pin=U6-2
Added Net: Name=NetR12_1
Added Pin To Net: NetName=NetR13_2 Pin=R13-2
Added Pin To Net: NetName=NetR13_2 Pin=U7-4
Added Net: Name=NetR13_2
Added Pin To Net: NetName=NetR14_1 Pin=R14-1
Added Pin To Net: NetName=NetR14_1 Pin=U1-24
Added Pin To Net: NetName=NetR14_1 Pin=U7-2
Added Net: Name=NetR14_1
Added Pin To Net: NetName=NetR15_1 Pin=R15-1
Added Pin To Net: NetName=NetR15_1 Pin=U1-19
Added Net: Name=NetR15_1
Added Pin To Net: NetName=NetR16_2 Pin=R16-2
Added Pin To Net: NetName=NetR16_2 Pin=U1-23
Added Pin To Net: NetName=NetR16_2 Pin=U2-10
Added Net: Name=NetR16_2
Added Pin To Net: NetName=NetR17_2 Pin=R17-2
Added Pin To Net: NetName=NetR17_2 Pin=U1-14
Added Pin To Net: NetName=NetR17_2 Pin=U2-11
Added Net: Name=NetR17_2
Added Pin To Net: NetName=NetR18_2 Pin=R18-2
Added Pin To Net: NetName=NetR18_2 Pin=U1-13
Added Pin To Net: NetName=NetR18_2 Pin=U2-12
Added Net: Name=NetR18_2
Added Pin To Net: NetName=NetU1_26 Pin=U1-26
Added Pin To Net: NetName=NetU1_26 Pin=U2-8
Added Net: Name=NetU1_26
Added Pin To Net: NetName=NetU1_27 Pin=U1-27
Added Pin To Net: NetName=NetU1_27 Pin=U2-7
Added Net: Name=NetU1_27
Added Pin To Net: NetName=USART2_RX_USB_TX Pin=P1-1
Added Pin To Net: NetName=USART2_RX_USB_TX Pin=U1-9
Added Net: Name=USART2_RX_USB_TX
Added Pin To Net: NetName=USART2_TX_USB_RX Pin=P1-2
Added Pin To Net: NetName=USART2_TX_USB_RX Pin=U1-8
Added Net: Name=USART2_TX_USB_RX
Added Member To Class: ClassName=KorszeOBD Member=Component D1 LED0
Added Member To Class: ClassName=KorszeOBD Member=Component D2 Blue
Added Member To Class: ClassName=KorszeOBD Member=Component D3 Red
Added Member To Class: ClassName=KorszeOBD Member=Component D4 Green
Added Member To Class: ClassName=KorszeOBD Member=Component P1 USB
Added Member To Class: ClassName=KorszeOBD Member=Component R10 10k
Added Member To Class: ClassName=KorszeOBD Member=Component R11 10k
Added Member To Class: ClassName=KorszeOBD Member=Component R12 10k
Added Member To Class: ClassName=KorszeOBD Member=Component R13 10k
Added Member To Class: ClassName=KorszeOBD Member=Component R14 10k
Added Member To Class: ClassName=KorszeOBD Member=Component R15 330
Added Member To Class: ClassName=KorszeOBD Member=Component R16 330
Added Member To Class: ClassName=KorszeOBD Member=Component R17 330
Added Member To Class: ClassName=KorszeOBD Member=Component R18 330
Added Member To Class: ClassName=KorszeOBD Member=Component S1 SW-PB
Added Member To Class: ClassName=KorszeOBD Member=Component U6 LM339AD
Added Member To Class: ClassName=KorszeOBD Member=Component U7 LM339AD
