Added Component: Designator=U?(RN4020_ALT)
Add component. Clean all parameters for all variants
Added Pin To Net: NetName=GND Pin=U?-1
Added Pin To Net: NetName=UART1_RX_STM Pin=U?-5
Added Pin To Net: NetName=UART1_TX_STM Pin=U?-6
Added Pin To Net: NetName=GND Pin=U?-9
Added Pin To Net: NetName=GND Pin=U?-9
Added Pin To Net: NetName=PIO1 Pin=U?-10
Added Pin To Net: NetName=PIO2 Pin=U?-11
Added Pin To Net: NetName=PIO3 Pin=U?-12
Added Pin To Net: NetName=GND Pin=U?-16
Added Pin To Net: NetName=GND Pin=U?-16
Added Pin To Net: NetName=3.3V Pin=U?-23
Added Pin To Net: NetName=GND Pin=U?-24
Added Pin To Net: NetName=NetU1_18 Pin=U1-18
Added Pin To Net: NetName=NetU1_18 Pin=U?-7
Added Net: Name=NetU1_18
Added Pin To Net: NetName=NetU1_19 Pin=U1-19
Added Pin To Net: NetName=NetU1_19 Pin=U?-8
Added Net: Name=NetU1_19
Added Member To Class: ClassName=CordobejroSch Member=Component U? RN2020-V/RM
