\BOOKMARK [1][-]{section.1}{Wstep}{}% 1
\BOOKMARK [2][-]{subsection.1.1}{Wyb\363r tematu}{section.1}% 2
\BOOKMARK [2][-]{subsection.1.2}{Cel i zakres pracy}{section.1}% 3
\BOOKMARK [2][-]{subsection.1.3}{Za\233ozenia i wymagania}{section.1}% 4
\BOOKMARK [1][-]{section.2}{Zagadnienia wprowadzajace}{}% 5
\BOOKMARK [2][-]{subsection.2.1}{Z\233acze diagnostyczne}{section.2}% 6
\BOOKMARK [3][-]{subsubsection.2.1.1}{Z\233acze diagnostyczne OBD-II}{subsection.2.1}% 7
\BOOKMARK [3][-]{subsubsection.2.1.2}{Protoko\233y komunikacyjne dostepne w z\233aczu diagnostycznym}{subsection.2.1}% 8
\BOOKMARK [2][-]{subsection.2.2}{Struktura zapytan z\233acza diagnostycznego}{section.2}% 9
\BOOKMARK [2][-]{subsection.2.3}{Struktura kod\363w b\233ed\363w}{section.2}% 10
\BOOKMARK [2][-]{subsection.2.4}{Interfejs komunikacyjny ELM 327}{section.2}% 11
\BOOKMARK [1][-]{section.3}{Struktura projektu}{}% 12
\BOOKMARK [1][-]{section.4}{Projekt uk\233adu do komunikacji ze z\233aczem diagnostycznym}{}% 13
\BOOKMARK [2][-]{subsection.4.1}{Schemat elektryczny}{section.4}% 14
\BOOKMARK [2][-]{subsection.4.2}{Zastosowane elementy}{section.4}% 15
\BOOKMARK [2][-]{subsection.4.3}{Projekt obwodu drukowanego}{section.4}% 16
\BOOKMARK [1][-]{section.5}{Zbudowany uk\233ad i oprogramowanie}{}% 17
\BOOKMARK [2][-]{subsection.5.1}{Modu\233 komunikacji i przetwarzania danych}{section.5}% 18
\BOOKMARK [3][-]{subsubsection.5.1.1}{Struktura aplikacji}{subsection.5.1}% 19
\BOOKMARK [3][-]{subsubsection.5.1.2}{Funkcjonalnosc aplikacji}{subsection.5.1}% 20
\BOOKMARK [3][-]{subsubsection.5.1.3}{Baza danych}{subsection.5.1}% 21
\BOOKMARK [2][-]{subsection.5.2}{Modu\233 interfejsu uzytkownika}{section.5}% 22
\BOOKMARK [1][-]{section.6}{Wyniki test\363w uk\233adu}{}% 23
\BOOKMARK [1][-]{section.7}{Dyskusja potencjalnych zastosowan}{}% 24
\BOOKMARK [1][-]{section.8}{Podsumowanie}{}% 25
